        -:    0:Source:Complexcal.c
        -:    0:Programs:5
        -:    1:#include "complex.h"
        -:    2:#include "test_complex.h"
        -:    3:
        -:    4:
        1:    5:int main(){
        1:    5-block  0
        -:    6:    complex_t c1, c2, result;
        1:    7:    c1.real=4;
        1:    8:    c1.imaginary=-1;
        -:    9:
        1:   10:    c2.real=6;
        1:   11:    c2.imaginary=-2;
        -:   12:
        1:   13:    sum(&c1, &c2, &result);
        1:   13-block  0
        1:   14:    printf("sum is: %f %f \n", result.real, result.imaginary);
        -:   15:
        1:   16:    diff(&c1, &c2, &result);
        1:   17:    printf("difference is: %f %f \n", result.real, result.imaginary);
        -:   18:
        1:   19:    product(&c1, &c2, &result);
        1:   20:    printf("product is: %f %f \n", result.real, result.imaginary);
        -:   21:
        1:   22:    div(&c1, &c2, &result);
        1:   23:    printf("Division is: %f %f \n", result.real, result.imaginary);
        -:   24:
        1:   25:    test_main();
        -:   26:
        1:   27:    return 0;
        -:   28:
        -:   29:}
