        -:    0:Source:div.c
        -:    0:Programs:5
        -:    1:#include "complex.h"
        -:    2:
        1:    3:void div(complex_t* cnum1, complex_t* cnum2, complex_t* cnum3){
        1:    3-block  0
        -:    4:    
        1:    5:    if(cnum2->real==0 && cnum2->imaginary==0)
        1:    5-block  0
    $$$$$:    5-block  1
        -:    6:    {
    #####:    7:        cnum3->real=0;
    #####:    8:        cnum3->imaginary=0;
    $$$$$:    8-block  0
        -:    9:        
        -:   10:    }
        1:   11:    cnum3->real = (cnum1->real * cnum2->real + cnum1->imaginary * cnum2->imaginary) / ( cnum2->real * cnum2->real + cnum2->imaginary * cnum2->imaginary);
        1:   12:    cnum3->imaginary = (cnum1->imaginary* cnum2->real - cnum1->real * cnum2->imaginary) / (cnum2->real * cnum2->real + cnum2->imaginary * cnum2->imaginary);
        -:   13:    
        1:   14:}
